0 info it worked if it ends with ok
1 verbose cli [ '/Users/steph/.nvm/v0.10.35/bin/node',
1 verbose cli   '/Users/steph/.nvm/v0.10.35/bin/npm',
1 verbose cli   'run',
1 verbose cli   'dev' ]
2 info using npm@1.4.28
3 info using node@v0.10.35
4 verbose run-script [ 'predev', 'dev', 'postdev' ]
5 info predev base-frontend-project@0.0.1
6 info dev base-frontend-project@0.0.1
7 verbose unsafe-perm in lifecycle true
8 info base-frontend-project@0.0.1 Failed to exec dev script
9 error base-frontend-project@0.0.1 dev: `grunt`
9 error Exit status 6
10 error Failed at the base-frontend-project@0.0.1 dev script.
10 error This is most likely a problem with the base-frontend-project package,
10 error not with npm itself.
10 error Tell the author that this fails on your system:
10 error     grunt
10 error You can get their info via:
10 error     npm owner ls base-frontend-project
10 error There is likely additional logging output above.
11 error System Darwin 13.4.0
12 error command "/Users/steph/.nvm/v0.10.35/bin/node" "/Users/steph/.nvm/v0.10.35/bin/npm" "run" "dev"
13 error cwd /Users/steph/dev/blocitoff
14 error node -v v0.10.35
15 error npm -v 1.4.28
16 error code ELIFECYCLE
17 verbose exit [ 1, true ]
